::1 - - [02/Oct/2024:20:51:48 +0000] "GET /users HTTP/1.1" 201 19 "-" "Mozilla/5.0 (Macintosh; Intel Mac OS X 10_15_7) AppleWebKit/537.36 (KHTML, like Gecko) Chrome/129.0.0.0 Safari/537.36"
::1 - - [02/Oct/2024:20:51:50 +0000] "GET /users HTTP/1.1" 201 19 "-" "Mozilla/5.0 (Macintosh; Intel Mac OS X 10_15_7) AppleWebKit/537.36 (KHTML, like Gecko) Chrome/129.0.0.0 Safari/537.36"
::1 - - [02/Oct/2024:20:51:51 +0000] "GET /users HTTP/1.1" 201 19 "-" "Mozilla/5.0 (Macintosh; Intel Mac OS X 10_15_7) AppleWebKit/537.36 (KHTML, like Gecko) Chrome/129.0.0.0 Safari/537.36"
::1 - - [02/Oct/2024:20:51:54 +0000] "GET / HTTP/1.1" 304 - "-" "Mozilla/5.0 (Macintosh; Intel Mac OS X 10_15_7) AppleWebKit/537.36 (KHTML, like Gecko) Chrome/129.0.0.0 Safari/537.36"
::1 - - [02/Oct/2024:21:18:10 +0000] "POST /signup?username=yash HTTP/1.1" 404 146 "-" "PostmanRuntime/7.39.1"
::1 - - [02/Oct/2024:21:19:20 +0000] "POST /auth/signup?username=yash HTTP/1.1" 200 25 "-" "PostmanRuntime/7.39.1"
::1 - - [02/Oct/2024:21:19:20 +0000] "POST /auth/signup?username=yash HTTP/1.1" 200 25 "-" "PostmanRuntime/7.39.1"
::1 - - [02/Oct/2024:21:22:56 +0000] "POST /auth/signup?username=yash HTTP/1.1" 200 17 "-" "PostmanRuntime/7.39.1"
::1 - - [02/Oct/2024:21:22:56 +0000] "POST /auth/signup?username=yash HTTP/1.1" 200 17 "-" "PostmanRuntime/7.39.1"
::1 - - [02/Oct/2024:22:08:29 +0000] "POST /auth/signup HTTP/1.1" 201 135 "-" "PostmanRuntime/7.39.1"
::1 - - [02/Oct/2024:22:28:12 +0000] "POST /auth/signin HTTP/1.1" 200 50 "-" "PostmanRuntime/7.39.1"
::1 - - [02/Oct/2024:22:28:39 +0000] "POST /auth/signin HTTP/1.1" 401 49 "-" "PostmanRuntime/7.39.1"
::1 - - [02/Oct/2024:22:28:46 +0000] "POST /auth/signin HTTP/1.1" 200 50 "-" "PostmanRuntime/7.39.1"
::1 - - [02/Oct/2024:22:28:52 +0000] "POST /auth/signin HTTP/1.1" 200 50 "-" "PostmanRuntime/7.39.1"
::1 - - [02/Oct/2024:22:29:19 +0000] "POST /auth/signin HTTP/1.1" 401 67 "-" "PostmanRuntime/7.39.1"
::1 - - [02/Oct/2024:22:29:19 +0000] "POST /auth/signin HTTP/1.1" 401 67 "-" "PostmanRuntime/7.39.1"
::1 - - [02/Oct/2024:22:31:24 +0000] "POST /auth/signin HTTP/1.1" 401 67 "-" "PostmanRuntime/7.39.1"
::1 - - [02/Oct/2024:22:31:27 +0000] "POST /auth/signin HTTP/1.1" 200 50 "-" "PostmanRuntime/7.39.1"
::1 - - [02/Oct/2024:22:52:16 +0000] "POST /auth/signin HTTP/1.1" 401 71 "-" "PostmanRuntime/7.39.1"
::1 - - [02/Oct/2024:22:55:14 +0000] "POST /auth/signin HTTP/1.1" 200 274 "-" "PostmanRuntime/7.39.1"
::1 - - [02/Oct/2024:22:56:23 +0000] "POST /auth/signin HTTP/1.1" 200 274 "-" "PostmanRuntime/7.39.1"
::1 - - [02/Oct/2024:22:57:19 +0000] "POST /auth/signin HTTP/1.1" 200 297 "-" "PostmanRuntime/7.39.1"
::1 - - [02/Oct/2024:23:06:32 +0000] "POST /auth/signout HTTP/1.1" 200 57 "-" "PostmanRuntime/7.39.1"
::1 - - [02/Oct/2024:23:06:32 +0000] "POST /auth/signout HTTP/1.1" 200 57 "-" "PostmanRuntime/7.39.1"
::1 - - [02/Oct/2024:23:06:37 +0000] "POST /auth/signin HTTP/1.1" 200 297 "-" "PostmanRuntime/7.39.1"
::1 - - [02/Oct/2024:23:50:37 +0000] "GET /auth/signout HTTP/1.1" 404 151 "-" "PostmanRuntime/7.39.1"
::1 - - [02/Oct/2024:23:50:37 +0000] "GET /auth/signout HTTP/1.1" 404 151 "-" "PostmanRuntime/7.39.1"
::1 - - [02/Oct/2024:23:51:46 +0000] "GET /auth/signout HTTP/1.1" 404 151 "-" "PostmanRuntime/7.39.1"
::1 - - [02/Oct/2024:23:52:10 +0000] "GET /auth/signout HTTP/1.1" 404 151 "-" "PostmanRuntime/7.39.1"
::1 - - [02/Oct/2024:23:52:15 +0000] "GET /auth/signout HTTP/1.1" 404 151 "-" "PostmanRuntime/7.39.1"
::1 - - [02/Oct/2024:23:52:15 +0000] "GET /auth/signout HTTP/1.1" 404 151 "-" "PostmanRuntime/7.39.1"
::1 - - [02/Oct/2024:23:52:30 +0000] "GET /auth/signout HTTP/1.1" 404 151 "-" "PostmanRuntime/7.39.1"
::1 - - [02/Oct/2024:23:53:15 +0000] "POST /auth/signout HTTP/1.1" 200 14 "-" "PostmanRuntime/7.39.1"
::1 - - [02/Oct/2024:23:53:56 +0000] "POST /auth/signin HTTP/1.1" 200 297 "-" "PostmanRuntime/7.39.1"
::1 - - [02/Oct/2024:23:53:56 +0000] "POST /auth/signin HTTP/1.1" 200 297 "-" "PostmanRuntime/7.39.1"
::1 - - [02/Oct/2024:23:54:03 +0000] "POST /auth/signout HTTP/1.1" 200 14 "-" "PostmanRuntime/7.39.1"
::1 - - [02/Oct/2024:23:54:12 +0000] "POST /auth/signout HTTP/1.1" 200 14 "-" "PostmanRuntime/7.39.1"
::1 - - [02/Oct/2024:23:54:13 +0000] "POST /auth/signout HTTP/1.1" 200 14 "-" "PostmanRuntime/7.39.1"
::1 - - [02/Oct/2024:23:54:13 +0000] "POST /auth/signout HTTP/1.1" 200 14 "-" "PostmanRuntime/7.39.1"
::1 - - [02/Oct/2024:23:54:13 +0000] "POST /auth/signout HTTP/1.1" 200 14 "-" "PostmanRuntime/7.39.1"
::1 - - [02/Oct/2024:23:54:14 +0000] "POST /auth/signout HTTP/1.1" 200 14 "-" "PostmanRuntime/7.39.1"
::1 - - [02/Oct/2024:23:54:16 +0000] "POST /auth/signout HTTP/1.1" 200 14 "-" "PostmanRuntime/7.39.1"
::1 - - [02/Oct/2024:23:54:16 +0000] "POST /auth/signout HTTP/1.1" 200 14 "-" "PostmanRuntime/7.39.1"
::1 - - [02/Oct/2024:23:54:22 +0000] "POST /auth/signout HTTP/1.1" 200 14 "-" "PostmanRuntime/7.39.1"
::1 - - [02/Oct/2024:23:54:34 +0000] "POST /auth/signin HTTP/1.1" 200 297 "-" "PostmanRuntime/7.39.1"
::1 - - [02/Oct/2024:23:54:41 +0000] "POST /auth/signout HTTP/1.1" 200 14 "-" "PostmanRuntime/7.39.1"
::1 - - [02/Oct/2024:23:54:55 +0000] "POST /auth/signin HTTP/1.1" 200 297 "-" "PostmanRuntime/7.39.1"
::1 - - [02/Oct/2024:23:54:57 +0000] "POST /auth/signout HTTP/1.1" 200 14 "-" "PostmanRuntime/7.39.1"
::1 - - [02/Oct/2024:23:55:51 +0000] "POST /auth/signout HTTP/1.1" 500 2075 "-" "PostmanRuntime/7.39.1"
::1 - - [02/Oct/2024:23:55:58 +0000] "POST /auth/signin HTTP/1.1" 200 297 "-" "PostmanRuntime/7.39.1"
::1 - - [02/Oct/2024:23:56:00 +0000] "POST /auth/signout HTTP/1.1" 500 2075 "-" "PostmanRuntime/7.39.1"
::1 - - [02/Oct/2024:23:56:09 +0000] "POST /auth/signin HTTP/1.1" 200 297 "-" "PostmanRuntime/7.39.1"
::1 - - [02/Oct/2024:23:56:14 +0000] "POST /auth/signout HTTP/1.1" 500 2075 "-" "PostmanRuntime/7.39.1"
::1 - - [02/Oct/2024:23:59:40 +0000] "POST /auth/signin HTTP/1.1" 200 297 "-" "PostmanRuntime/7.39.1"
::1 - - [02/Oct/2024:23:59:42 +0000] "POST /auth/signout HTTP/1.1" 500 2082 "-" "PostmanRuntime/7.39.1"
::1 - - [03/Oct/2024:00:01:15 +0000] "POST /auth/signin HTTP/1.1" 200 297 "-" "PostmanRuntime/7.39.1"
::1 - - [03/Oct/2024:00:01:16 +0000] "POST /auth/signout HTTP/1.1" 200 57 "-" "PostmanRuntime/7.39.1"
::1 - - [03/Oct/2024:00:01:21 +0000] "POST /auth/signout HTTP/1.1" 403 52 "-" "PostmanRuntime/7.39.1"
